{"uuid":"b5c53a32-144a-4e14-a230-f50df919242b","historyId":"6a62a21722cd9d406198a5e20cfcd559","fullName":"tests.GoogleTest.openGoogleHomePage","labels":[{"name":"package","value":"tests.GoogleTest"},{"name":"testClass","value":"tests.GoogleTest"},{"name":"testMethod","value":"openGoogleHomePage"},{"name":"parentSuite","value":"Suite"},{"name":"suite","value":"Test"},{"name":"subSuite","value":"tests.GoogleTest"},{"name":"host","value":"DESKTOP-N3ODOSQ"},{"name":"thread","value":"31972@DESKTOP-N3ODOSQ.main(1)"},{"name":"framework","value":"testng"},{"name":"language","value":"java"}],"links":[],"name":"openGoogleHomePage","status":"skipped","statusDetails":{"known":false,"muted":false,"flaky":false,"message":"java.lang.ExceptionInInitializerError","trace":"java.lang.ExceptionInInitializerError\r\n\tat driver.provider.RemoteDriverProvider.createDriver(RemoteDriverProvider.java:16)\r\n\tat driver.DriverFactory.initDriver(DriverFactory.java:17)\r\n\tat base.BaseTest.setup(BaseTest.java:12)\r\n\tat java.base/jdk.internal.reflect.DirectMethodHandleAccessor.invoke(DirectMethodHandleAccessor.java:103)\r\n\tat java.base/java.lang.reflect.Method.invoke(Method.java:580)\r\n\tat org.testng.internal.invokers.MethodInvocationHelper.invokeMethod(MethodInvocationHelper.java:141)\r\n\tat org.testng.internal.invokers.MethodInvocationHelper.invokeMethodConsideringTimeout(MethodInvocationHelper.java:71)\r\n\tat org.testng.internal.invokers.ConfigInvoker.invokeConfigurationMethod(ConfigInvoker.java:400)\r\n\tat org.testng.internal.invokers.ConfigInvoker.invokeConfigurations(ConfigInvoker.java:333)\r\n\tat org.testng.internal.invokers.TestInvoker.runConfigMethods(TestInvoker.java:833)\r\n\tat org.testng.internal.invokers.TestInvoker.invokeMethod(TestInvoker.java:600)\r\n\tat org.testng.internal.invokers.TestInvoker.invokeTestMethod(TestInvoker.java:230)\r\n\tat org.testng.internal.invokers.MethodRunner.runInSequence(MethodRunner.java:63)\r\n\tat org.testng.internal.invokers.TestInvoker$MethodInvocationAgent.invoke(TestInvoker.java:992)\r\n\tat org.testng.internal.invokers.TestInvoker.invokeTestMethods(TestInvoker.java:203)\r\n\tat org.testng.internal.invokers.TestMethodWorker.invokeTestMethods(TestMethodWorker.java:154)\r\n\tat org.testng.internal.invokers.TestMethodWorker.run(TestMethodWorker.java:134)\r\n\tat java.base/java.util.ArrayList.forEach(ArrayList.java:1596)\r\n\tat org.testng.TestRunner.privateRun(TestRunner.java:739)\r\n\tat org.testng.TestRunner.run(TestRunner.java:614)\r\n\tat org.testng.SuiteRunner.runTest(SuiteRunner.java:421)\r\n\tat org.testng.SuiteRunner.runSequentially(SuiteRunner.java:413)\r\n\tat org.testng.SuiteRunner.privateRun(SuiteRunner.java:373)\r\n\tat org.testng.SuiteRunner.run(SuiteRunner.java:312)\r\n\tat org.testng.SuiteRunnerWorker.runSuite(SuiteRunnerWorker.java:52)\r\n\tat org.testng.SuiteRunnerWorker.run(SuiteRunnerWorker.java:95)\r\n\tat org.testng.TestNG.runSuitesSequentially(TestNG.java:1274)\r\n\tat org.testng.TestNG.runSuitesLocally(TestNG.java:1208)\r\n\tat org.testng.TestNG.runSuites(TestNG.java:1112)\r\n\tat org.testng.TestNG.run(TestNG.java:1079)\r\n\tat org.apache.maven.surefire.testng.TestNGExecutor.run(TestNGExecutor.java:308)\r\n\tat org.apache.maven.surefire.testng.TestNGXmlTestSuite.execute(TestNGXmlTestSuite.java:71)\r\n\tat org.apache.maven.surefire.testng.TestNGProvider.invoke(TestNGProvider.java:113)\r\n\tat org.apache.maven.surefire.booter.ForkedBooter.runSuitesInProcess(ForkedBooter.java:385)\r\n\tat org.apache.maven.surefire.booter.ForkedBooter.execute(ForkedBooter.java:162)\r\n\tat org.apache.maven.surefire.booter.ForkedBooter.run(ForkedBooter.java:507)\r\n\tat org.apache.maven.surefire.booter.ForkedBooter.main(ForkedBooter.java:495)\r\nCaused by: java.lang.RuntimeException: Cannot create property=browserstack for JavaBean=driver.config.BrowserStackYamlConfig@6a078481\n in 'reader', line 1, column 1:\n    browserstack:\n    ^\nNo writable property 'browserstack' on class: driver.config.BrowserStackYamlConfig\n in 'reader', line 2, column 3:\n      user: nitinpatil_yC3oVN\n      ^\n\r\n\tat driver.config.BrowserStackConfigLoader.<clinit>(BrowserStackConfigLoader.java:20)\r\n\t... 37 more\r\nCaused by: Cannot create property=browserstack for JavaBean=driver.config.BrowserStackYamlConfig@6a078481\n in 'reader', line 1, column 1:\n    browserstack:\n    ^\nNo writable property 'browserstack' on class: driver.config.BrowserStackYamlConfig\n in 'reader', line 2, column 3:\n      user: nitinpatil_yC3oVN\n      ^\n\r\n\tat org.yaml.snakeyaml.constructor.Constructor$ConstructMapping.constructJavaBean2ndStep(Constructor.java:283)\r\n\tat org.yaml.snakeyaml.constructor.Constructor$ConstructMapping.construct(Constructor.java:169)\r\n\tat org.yaml.snakeyaml.constructor.Constructor$ConstructYamlObject.construct(Constructor.java:320)\r\n\tat org.yaml.snakeyaml.constructor.BaseConstructor.constructObjectNoCheck(BaseConstructor.java:264)\r\n\tat org.yaml.snakeyaml.constructor.BaseConstructor.constructObject(BaseConstructor.java:247)\r\n\tat org.yaml.snakeyaml.constructor.BaseConstructor.constructDocument(BaseConstructor.java:201)\r\n\tat org.yaml.snakeyaml.constructor.BaseConstructor.getSingleData(BaseConstructor.java:185)\r\n\tat org.yaml.snakeyaml.Yaml.loadFromReader(Yaml.java:493)\r\n\tat org.yaml.snakeyaml.Yaml.loadAs(Yaml.java:486)\r\n\tat driver.config.BrowserStackConfigLoader.<clinit>(BrowserStackConfigLoader.java:17)\r\n\t... 37 more\r\nCaused by: org.yaml.snakeyaml.error.YAMLException: No writable property 'browserstack' on class: driver.config.BrowserStackYamlConfig\r\n\tat org.yaml.snakeyaml.constructor.Constructor$ConstructMapping.constructJavaBean2ndStep(Constructor.java:228)\r\n\t... 46 more\r\n"},"stage":"finished","steps":[],"attachments":[],"parameters":[],"start":1770881080122,"stop":1770881080122}