{"uuid":"cb711fe3-3d73-43a7-8dd6-c2327f562add","historyId":"6a62a21722cd9d406198a5e20cfcd559","fullName":"tests.GoogleTest.openGoogleHomePage","labels":[{"name":"package","value":"tests.GoogleTest"},{"name":"testClass","value":"tests.GoogleTest"},{"name":"testMethod","value":"openGoogleHomePage"},{"name":"parentSuite","value":"Suite"},{"name":"suite","value":"Test"},{"name":"subSuite","value":"tests.GoogleTest"},{"name":"host","value":"DESKTOP-N3ODOSQ"},{"name":"thread","value":"29312@DESKTOP-N3ODOSQ.main(1)"},{"name":"framework","value":"testng"},{"name":"language","value":"java"}],"links":[],"name":"openGoogleHomePage","status":"skipped","statusDetails":{"known":false,"muted":false,"flaky":false,"message":"java.lang.ExceptionInInitializerError","trace":"java.lang.ExceptionInInitializerError\r\n\tat driver.provider.RemoteDriverProvider.createDriver(RemoteDriverProvider.java:16)\r\n\tat driver.DriverFactory.initDriver(DriverFactory.java:17)\r\n\tat base.BaseTest.setup(BaseTest.java:12)\r\n\tat java.base/jdk.internal.reflect.DirectMethodHandleAccessor.invoke(DirectMethodHandleAccessor.java:103)\r\n\tat java.base/java.lang.reflect.Method.invoke(Method.java:580)\r\n\tat org.testng.internal.MethodInvocationHelper.invokeMethod(MethodInvocationHelper.java:133)\r\n\tat org.testng.internal.MethodInvocationHelper.invokeMethodConsideringTimeout(MethodInvocationHelper.java:62)\r\n\tat org.testng.internal.ConfigInvoker.invokeConfigurationMethod(ConfigInvoker.java:385)\r\n\tat org.testng.internal.ConfigInvoker.invokeConfigurations(ConfigInvoker.java:321)\r\n\tat org.testng.internal.TestInvoker.runConfigMethods(TestInvoker.java:700)\r\n\tat org.testng.internal.TestInvoker.invokeMethod(TestInvoker.java:527)\r\n\tat org.testng.internal.TestInvoker.invokeTestMethod(TestInvoker.java:173)\r\n\tat org.testng.internal.MethodRunner.runInSequence(MethodRunner.java:46)\r\n\tat org.testng.internal.TestInvoker$MethodInvocationAgent.invoke(TestInvoker.java:824)\r\n\tat org.testng.internal.TestInvoker.invokeTestMethods(TestInvoker.java:146)\r\n\tat org.testng.internal.TestMethodWorker.invokeTestMethods(TestMethodWorker.java:146)\r\n\tat org.testng.internal.TestMethodWorker.run(TestMethodWorker.java:128)\r\n\tat java.base/java.util.ArrayList.forEach(ArrayList.java:1596)\r\n\tat org.testng.TestRunner.privateRun(TestRunner.java:794)\r\n\tat org.testng.TestRunner.run(TestRunner.java:596)\r\n\tat org.testng.SuiteRunner.runTest(SuiteRunner.java:377)\r\n\tat org.testng.SuiteRunner.runSequentially(SuiteRunner.java:371)\r\n\tat org.testng.SuiteRunner.privateRun(SuiteRunner.java:332)\r\n\tat org.testng.SuiteRunner.run(SuiteRunner.java:276)\r\n\tat org.testng.SuiteRunnerWorker.runSuite(SuiteRunnerWorker.java:53)\r\n\tat org.testng.SuiteRunnerWorker.run(SuiteRunnerWorker.java:96)\r\n\tat org.testng.TestNG.runSuitesSequentially(TestNG.java:1212)\r\n\tat org.testng.TestNG.runSuitesLocally(TestNG.java:1134)\r\n\tat org.testng.TestNG.runSuites(TestNG.java:1063)\r\n\tat org.testng.TestNG.run(TestNG.java:1031)\r\n\tat org.testng.remote.AbstractRemoteTestNG.run(AbstractRemoteTestNG.java:115)\r\n\tat org.testng.remote.RemoteTestNG.initAndRun(RemoteTestNG.java:293)\r\n\tat org.testng.remote.RemoteTestNG.main(RemoteTestNG.java:91)\r\nCaused by: java.lang.RuntimeException: Cannot create property=browserstack for JavaBean=driver.config.BrowserStackYamlConfig@347bdeef\n in 'reader', line 1, column 1:\n    browserstack:\n    ^\nNo writable property 'browserstack' on class: driver.config.BrowserStackYamlConfig\n in 'reader', line 2, column 3:\n      user: nitinpatil_yC3oVN\n      ^\n\r\n\tat driver.config.BrowserStackConfigLoader.<clinit>(BrowserStackConfigLoader.java:20)\r\n\t... 33 more\r\nCaused by: Cannot create property=browserstack for JavaBean=driver.config.BrowserStackYamlConfig@347bdeef\n in 'reader', line 1, column 1:\n    browserstack:\n    ^\nNo writable property 'browserstack' on class: driver.config.BrowserStackYamlConfig\n in 'reader', line 2, column 3:\n      user: nitinpatil_yC3oVN\n      ^\n\r\n\tat org.yaml.snakeyaml.constructor.Constructor$ConstructMapping.constructJavaBean2ndStep(Constructor.java:270)\r\n\tat org.yaml.snakeyaml.constructor.Constructor$ConstructMapping.construct(Constructor.java:149)\r\n\tat org.yaml.snakeyaml.constructor.Constructor$ConstructYamlObject.construct(Constructor.java:309)\r\n\tat org.yaml.snakeyaml.constructor.BaseConstructor.constructObjectNoCheck(BaseConstructor.java:204)\r\n\tat org.yaml.snakeyaml.constructor.BaseConstructor.constructObject(BaseConstructor.java:193)\r\n\tat org.yaml.snakeyaml.constructor.BaseConstructor.constructDocument(BaseConstructor.java:159)\r\n\tat org.yaml.snakeyaml.constructor.BaseConstructor.getSingleData(BaseConstructor.java:146)\r\n\tat org.yaml.snakeyaml.Yaml.loadFromReader(Yaml.java:524)\r\n\tat org.yaml.snakeyaml.Yaml.loadAs(Yaml.java:518)\r\n\tat driver.config.BrowserStackConfigLoader.<clinit>(BrowserStackConfigLoader.java:17)\r\n\t... 33 more\r\nCaused by: org.yaml.snakeyaml.error.YAMLException: No writable property 'browserstack' on class: driver.config.BrowserStackYamlConfig\r\n\tat org.yaml.snakeyaml.constructor.Constructor$ConstructMapping.constructJavaBean2ndStep(Constructor.java:213)\r\n\t... 42 more\r\n"},"stage":"finished","steps":[],"attachments":[],"parameters":[],"start":1770881065116,"stop":1770881065120}